<?xml version="1.0" encoding="UTF-8"?>
<!-- Generated by org.testng.reporters.JUnitReportReporter -->
<testsuite hostname="DESKTOP-1KRHALU" failures="0" tests="1" name="testRunner.FETestRunner" time="9.906" errors="0" timestamp="2021-10-23T00:59:24 EET" skipped="0">
  <testcase classname="testRunner.FETestRunner" name="runScenario" time="9.906"/>
  <system-out/>
</testsuite> <!-- testRunner.FETestRunner -->
